2022-11-03 22:24:32,400 - basicLogger - INFO - Retrieving ride at index 3
2022-11-03 22:24:41,990 - basicLogger - INFO - Retrieving ride at index 1
2022-11-03 22:25:21,298 - basicLogger - INFO - Retrieving ride at index 1
2022-11-03 22:26:15,451 - basicLogger - INFO - Retrieving ride at index 2
2022-11-03 22:27:38,831 - basicLogger - INFO - Retrieving ride at index 2
2022-11-03 22:27:39,895 - basicLogger - ERROR - No messages found
2022-11-03 22:27:39,896 - basicLogger - ERROR - Could not find expense at index 2
2022-11-03 22:28:41,735 - basicLogger - INFO - Retrieving ride at index 1
2022-11-03 22:28:42,804 - basicLogger - ERROR - No messages found
2022-11-03 22:28:42,804 - basicLogger - ERROR - Could not find expense at index 1
2022-11-03 22:28:54,854 - basicLogger - INFO - Retrieving ride at index 1
2022-11-03 22:29:46,403 - basicLogger - INFO - Retrieving ride at index 1
2022-11-03 22:29:46,403 - basicLogger - INFO - <pykafka.simpleconsumer.SimpleConsumer at 0x7fe278e23dc0 (consumer_group=None)>
2022-11-03 22:30:19,817 - basicLogger - INFO - Retrieving ride at index 1
2022-11-03 22:30:56,524 - basicLogger - INFO - Retrieving ride at index 1
2022-11-03 22:30:57,586 - basicLogger - INFO - [{'avg_power': 180, 'avg_speed': 20, 'distance': 13, 'movie': 'John Wick 3', 'ride_id': '1', 'timestamp': '2019-08-29T09:12:33Z', 'user_id': 'A01258780', 'traceID': '17aecfbc-399e-4473-9b75-639cb2e4b25b'}, {'avg_power': 180, 'avg_speed': 20, 'distance': 13, 'movie': 'John Wick 3', 'ride_id': '1', 'timestamp': '2019-08-29T09:12:33Z', 'user_id': 'A01258780', 'traceID': '654ab54b-b23a-4a6b-96f9-5b92af7eb596'}, {'avg_power': 180, 'avg_speed': 20, 'distance': 13, 'movie': 'John Wick 3', 'ride_id': '1', 'timestamp': '2019-08-29T09:12:33Z', 'user_id': 'A01258780', 'traceID': 'eb289ca9-654d-4ca6-93a0-022808dd268f'}, {'avg_power': 180, 'avg_speed': 20, 'distance': 13, 'movie': 'John Wick 3', 'ride_id': '1', 'timestamp': '2019-08-29T09:12:33Z', 'user_id': 'A01258780', 'traceID': '1edef595-73f6-4978-a038-95e74dd73450'}, {'avg_power': 180, 'avg_speed': 20, 'distance': 13, 'movie': 'John Wick 3', 'ride_id': '1', 'timestamp': '2019-08-29T09:12:33Z', 'user_id': 'A01258780', 'traceID': 'aed32d95-9268-488d-8118-46f0ad4ff630'}, {'avg_power': 180, 'avg_speed': 20, 'distance': 13, 'movie': 'John Wick 3', 'ride_id': '1', 'timestamp': '2019-08-29T09:12:33Z', 'user_id': 'A01258780', 'traceID': '431c11d9-c810-4149-86fe-03ff17852f3b'}]
2022-11-03 22:32:34,600 - basicLogger - INFO - Retrieving ride at index 1
2022-11-03 22:32:35,666 - basicLogger - INFO - [{'avg_power': 180, 'avg_speed': 20, 'distance': 13, 'movie': 'John Wick 3', 'ride_id': '1', 'timestamp': '2019-08-29T09:12:33Z', 'user_id': 'A01258780', 'traceID': '17aecfbc-399e-4473-9b75-639cb2e4b25b'}, {'avg_power': 180, 'avg_speed': 20, 'distance': 13, 'movie': 'John Wick 3', 'ride_id': '1', 'timestamp': '2019-08-29T09:12:33Z', 'user_id': 'A01258780', 'traceID': '654ab54b-b23a-4a6b-96f9-5b92af7eb596'}, {'avg_power': 180, 'avg_speed': 20, 'distance': 13, 'movie': 'John Wick 3', 'ride_id': '1', 'timestamp': '2019-08-29T09:12:33Z', 'user_id': 'A01258780', 'traceID': 'eb289ca9-654d-4ca6-93a0-022808dd268f'}, {'avg_power': 180, 'avg_speed': 20, 'distance': 13, 'movie': 'John Wick 3', 'ride_id': '1', 'timestamp': '2019-08-29T09:12:33Z', 'user_id': 'A01258780', 'traceID': '1edef595-73f6-4978-a038-95e74dd73450'}, {'avg_power': 180, 'avg_speed': 20, 'distance': 13, 'movie': 'John Wick 3', 'ride_id': '1', 'timestamp': '2019-08-29T09:12:33Z', 'user_id': 'A01258780', 'traceID': 'aed32d95-9268-488d-8118-46f0ad4ff630'}, {'avg_power': 180, 'avg_speed': 20, 'distance': 13, 'movie': 'John Wick 3', 'ride_id': '1', 'timestamp': '2019-08-29T09:12:33Z', 'user_id': 'A01258780', 'traceID': '431c11d9-c810-4149-86fe-03ff17852f3b'}]
2022-11-03 22:33:14,168 - basicLogger - INFO - Retrieving ride at index 1
2022-11-03 22:33:14,226 - basicLogger - ERROR - No messages found
2022-11-03 22:33:14,227 - basicLogger - ERROR - Could not find expense at index 1
2022-11-03 22:33:39,577 - basicLogger - INFO - Retrieving ride at index 1
2022-11-03 22:33:39,632 - basicLogger - ERROR - No messages found
2022-11-03 22:33:39,633 - basicLogger - ERROR - Could not find expense at index 1
2022-11-03 22:33:54,505 - basicLogger - INFO - Retrieving ride at index 1
2022-11-03 22:33:55,572 - basicLogger - INFO - [{'avg_power': 180, 'avg_speed': 20, 'distance': 13, 'movie': 'John Wick 3', 'ride_id': '1', 'timestamp': '2019-08-29T09:12:33Z', 'user_id': 'A01258780', 'traceID': '17aecfbc-399e-4473-9b75-639cb2e4b25b'}, {'avg_power': 180, 'avg_speed': 20, 'distance': 13, 'movie': 'John Wick 3', 'ride_id': '1', 'timestamp': '2019-08-29T09:12:33Z', 'user_id': 'A01258780', 'traceID': '654ab54b-b23a-4a6b-96f9-5b92af7eb596'}, {'avg_power': 180, 'avg_speed': 20, 'distance': 13, 'movie': 'John Wick 3', 'ride_id': '1', 'timestamp': '2019-08-29T09:12:33Z', 'user_id': 'A01258780', 'traceID': 'eb289ca9-654d-4ca6-93a0-022808dd268f'}, {'avg_power': 180, 'avg_speed': 20, 'distance': 13, 'movie': 'John Wick 3', 'ride_id': '1', 'timestamp': '2019-08-29T09:12:33Z', 'user_id': 'A01258780', 'traceID': '1edef595-73f6-4978-a038-95e74dd73450'}, {'avg_power': 180, 'avg_speed': 20, 'distance': 13, 'movie': 'John Wick 3', 'ride_id': '1', 'timestamp': '2019-08-29T09:12:33Z', 'user_id': 'A01258780', 'traceID': 'aed32d95-9268-488d-8118-46f0ad4ff630'}, {'avg_power': 180, 'avg_speed': 20, 'distance': 13, 'movie': 'John Wick 3', 'ride_id': '1', 'timestamp': '2019-08-29T09:12:33Z', 'user_id': 'A01258780', 'traceID': '431c11d9-c810-4149-86fe-03ff17852f3b'}]
2022-11-03 22:34:21,138 - basicLogger - INFO - Retrieving ride at index 1
2022-11-03 22:34:21,201 - basicLogger - INFO - {'type': 'heartrate', 'datetime': '2022-11-03T19:55:55', 'payload': {'device_id': 'WSD023', 'heart_rate': 65, 'max_hr': 100, 'min_hr': 40, 'ride_id': '1', 'timestamp': '2016-08-29T09:12:33Z', 'user_id': 'd290f1ee-6c54-4b01-90e6-d701748f0851', 'traceID': '82d816c8-895e-4174-851b-7f5f433d1e03'}}
2022-11-03 22:34:21,201 - basicLogger - INFO - {'type': 'heartrate', 'datetime': '2022-11-03T19:56:03', 'payload': {'device_id': 'WSD023', 'heart_rate': 65, 'max_hr': 100, 'min_hr': 40, 'ride_id': '1', 'timestamp': '2016-08-29T09:12:33Z', 'user_id': 'd290f1ee-6c54-4b01-90e6-d701748f0851', 'traceID': '4b5de0cd-8fcd-4632-a955-b9e11cebdae6'}}
2022-11-03 22:34:21,201 - basicLogger - INFO - {'type': 'heartrate', 'datetime': '2022-11-03T19:57:53', 'payload': {'device_id': 'WSD023', 'heart_rate': 65, 'max_hr': 100, 'min_hr': 40, 'ride_id': '1', 'timestamp': '2016-08-29T09:12:33Z', 'user_id': 'd290f1ee-6c54-4b01-90e6-d701748f0851', 'traceID': '0056edc3-5306-4b56-99e6-d275e42a67c9'}}
2022-11-03 22:34:21,202 - basicLogger - INFO - {'type': 'heartrate', 'datetime': '2022-11-03T19:58:00', 'payload': {'device_id': 'WSD023', 'heart_rate': 65, 'max_hr': 100, 'min_hr': 40, 'ride_id': '1', 'timestamp': '2016-08-29T09:12:33Z', 'user_id': 'd290f1ee-6c54-4b01-90e6-d701748f0851', 'traceID': '91831528-063e-4f75-ab10-c363fc5a0922'}}
2022-11-03 22:34:21,202 - basicLogger - INFO - {'type': 'heartrate', 'datetime': '2022-11-03T19:58:07', 'payload': {'device_id': 'WSD023', 'heart_rate': 65, 'max_hr': 100, 'min_hr': 40, 'ride_id': '1', 'timestamp': '2016-08-29T09:12:33Z', 'user_id': 'd290f1ee-6c54-4b01-90e6-d701748f0851', 'traceID': '157accfd-b1a3-4273-8e0e-1b2fe99ea184'}}
2022-11-03 22:34:21,202 - basicLogger - INFO - {'type': 'heartrate', 'datetime': '2022-11-03T20:04:56', 'payload': {'device_id': 'WSD023', 'heart_rate': 65, 'max_hr': 100, 'min_hr': 40, 'ride_id': '1', 'timestamp': '2022-10-29T09:12:33Z', 'user_id': 'd290f1ee-6c54-4b01-90e6-d701748f0851', 'traceID': 'e89e8962-a3d9-4e07-9896-666c21478568'}}
2022-11-03 22:34:21,202 - basicLogger - INFO - {'type': 'heartrate', 'datetime': '2022-11-03T20:06:09', 'payload': {'device_id': 'WSD023', 'heart_rate': 65, 'max_hr': 100, 'min_hr': 40, 'ride_id': '1', 'timestamp': '2022-10-29T09:12:33Z', 'user_id': 'd290f1ee-6c54-4b01-90e6-d701748f0851', 'traceID': '309bbf63-e777-4d4e-a962-cdbfaba6fa1d'}}
2022-11-03 22:34:21,203 - basicLogger - INFO - {'type': 'heartrate', 'datetime': '2022-11-03T20:07:05', 'payload': {'device_id': 'WSD023', 'heart_rate': 65, 'max_hr': 100, 'min_hr': 40, 'ride_id': '1', 'timestamp': '2022-11-03T20:12:33Z', 'user_id': 'd290f1ee-6c54-4b01-90e6-d701748f0851', 'traceID': '01a7c548-2b43-4384-b557-d587ab32f5b5'}}
2022-11-03 22:34:21,203 - basicLogger - INFO - {'type': 'heartrate', 'datetime': '2022-11-03T20:09:26', 'payload': {'device_id': 'WSD023', 'heart_rate': 65, 'max_hr': 100, 'min_hr': 40, 'ride_id': '1', 'timestamp': '2022-11-03T20:12:33Z', 'user_id': 'd290f1ee-6c54-4b01-90e6-d701748f0851', 'traceID': 'cda84b9d-6a19-4a21-a29f-62eb50b673fb'}}
2022-11-03 22:34:21,203 - basicLogger - INFO - {'type': 'heartrate', 'datetime': '2022-11-03T20:09:37', 'payload': {'device_id': 'WSD023', 'heart_rate': 65, 'max_hr': 100, 'min_hr': 40, 'ride_id': '1', 'timestamp': '2022-11-03T20:12:33Z', 'user_id': 'd290f1ee-6c54-4b01-90e6-d701748f0851', 'traceID': '052ac54d-c8f7-48b1-8928-6c09f083c403'}}
2022-11-03 22:34:21,203 - basicLogger - INFO - {'type': 'heartrate', 'datetime': '2022-11-03T20:17:05', 'payload': {'device_id': 'WSD023', 'heart_rate': 65, 'max_hr': 200, 'min_hr': 40, 'ride_id': '1', 'timestamp': '2022-11-03T20:12:33Z', 'user_id': 'd290f1ee-6c54-4b01-90e6-d701748f0851', 'traceID': '71bf50ff-44ef-4a18-9cc3-4996bc03dd09'}}
2022-11-03 22:34:21,203 - basicLogger - INFO - {'type': 'heartrate', 'datetime': '2022-11-03T20:17:30', 'payload': {'device_id': 'WSD023', 'heart_rate': 65, 'max_hr': 200, 'min_hr': 40, 'ride_id': '1', 'timestamp': '2022-11-03T20:12:33Z', 'user_id': 'd290f1ee-6c54-4b01-90e6-d701748f0851', 'traceID': '4c2cd514-bb8e-4cb0-825c-d3969f944de6'}}
2022-11-03 22:34:21,203 - basicLogger - INFO - {'type': 'heartrate', 'datetime': '2022-11-03T20:23:01', 'payload': {'device_id': 'WSD023', 'heart_rate': 65, 'max_hr': 200, 'min_hr': 40, 'ride_id': '1', 'timestamp': '2022-11-03T20:12:33Z', 'user_id': 'd290f1ee-6c54-4b01-90e6-d701748f0851', 'traceID': '6b7c4e60-8b41-4a05-b80a-f2b1f6a1a805'}}
2022-11-03 22:34:21,204 - basicLogger - INFO - {'type': 'ride', 'datetime': '2022-11-03T20:23:42', 'payload': {'avg_power': 180, 'avg_speed': 20, 'distance': 13, 'movie': 'John Wick 3', 'ride_id': '1', 'timestamp': '2019-08-29T09:12:33Z', 'user_id': 'A01258780', 'traceID': '17aecfbc-399e-4473-9b75-639cb2e4b25b'}}
2022-11-03 22:34:21,204 - basicLogger - INFO - {'type': 'ride', 'datetime': '2022-11-03T20:25:46', 'payload': {'avg_power': 180, 'avg_speed': 20, 'distance': 13, 'movie': 'John Wick 3', 'ride_id': '1', 'timestamp': '2019-08-29T09:12:33Z', 'user_id': 'A01258780', 'traceID': '654ab54b-b23a-4a6b-96f9-5b92af7eb596'}}
2022-11-03 22:34:21,204 - basicLogger - INFO - {'type': 'ride', 'datetime': '2022-11-03T20:27:11Z', 'payload': {'avg_power': 180, 'avg_speed': 20, 'distance': 13, 'movie': 'John Wick 3', 'ride_id': '1', 'timestamp': '2019-08-29T09:12:33Z', 'user_id': 'A01258780', 'traceID': 'eb289ca9-654d-4ca6-93a0-022808dd268f'}}
2022-11-03 22:34:21,204 - basicLogger - INFO - {'type': 'ride', 'datetime': '2022-11-03T20:30:36Z', 'payload': {'avg_power': 180, 'avg_speed': 20, 'distance': 13, 'movie': 'John Wick 3', 'ride_id': '1', 'timestamp': '2019-08-29T09:12:33Z', 'user_id': 'A01258780', 'traceID': '1edef595-73f6-4978-a038-95e74dd73450'}}
2022-11-03 22:34:21,204 - basicLogger - INFO - {'type': 'ride', 'datetime': '2022-11-03T20:34:05Z', 'payload': {'avg_power': 180, 'avg_speed': 20, 'distance': 13, 'movie': 'John Wick 3', 'ride_id': '1', 'timestamp': '2019-08-29T09:12:33Z', 'user_id': 'A01258780', 'traceID': 'aed32d95-9268-488d-8118-46f0ad4ff630'}}
2022-11-03 22:34:21,204 - basicLogger - INFO - {'type': 'ride', 'datetime': '2022-11-03T20:34:31Z', 'payload': {'avg_power': 180, 'avg_speed': 20, 'distance': 13, 'movie': 'John Wick 3', 'ride_id': '1', 'timestamp': '2019-08-29T09:12:33Z', 'user_id': 'A01258780', 'traceID': '431c11d9-c810-4149-86fe-03ff17852f3b'}}
2022-11-03 22:34:21,204 - basicLogger - INFO - {'type': 'heartrate', 'datetime': '2022-11-03T20:34:36', 'payload': {'device_id': 'WSD023', 'heart_rate': 65, 'max_hr': 200, 'min_hr': 40, 'ride_id': '1', 'timestamp': '2022-11-03T20:12:33Z', 'user_id': 'd290f1ee-6c54-4b01-90e6-d701748f0851', 'traceID': 'cea9ca14-f9d2-4457-9004-86e87c61fb2a'}}
2022-11-03 22:34:21,205 - basicLogger - INFO - {'type': 'heartrate', 'datetime': '2022-11-03T20:35:09', 'payload': {'device_id': 'WSD023', 'heart_rate': 65, 'max_hr': 200, 'min_hr': 40, 'ride_id': '1', 'timestamp': '2022-11-03T20:12:33Z', 'user_id': 'd290f1ee-6c54-4b01-90e6-d701748f0851', 'traceID': '504170aa-a385-479f-9fcd-e5c99c8cf2db'}}
2022-11-03 22:34:21,205 - basicLogger - INFO - {'type': 'heartrate', 'datetime': '2022-11-03T20:35:41', 'payload': {'device_id': 'WSD023', 'heart_rate': 65, 'max_hr': 200, 'min_hr': 40, 'ride_id': '1', 'timestamp': '2022-11-03T20:12:33Z', 'user_id': 'd290f1ee-6c54-4b01-90e6-d701748f0851', 'traceID': '2ea4a38a-4828-4be7-acc2-f62f03c05ea4'}}
2022-11-03 22:34:21,205 - basicLogger - INFO - {'type': 'heartrate', 'datetime': '2022-11-03T21:13:51', 'payload': {'device_id': 'WSD023', 'heart_rate': 65, 'max_hr': 200, 'min_hr': 40, 'ride_id': '1', 'timestamp': '2022-11-04T20:12:33Z', 'user_id': 'd290f1ee-6c54-4b01-90e6-d701748f0851', 'traceID': '35dcbfed-6e97-444d-9ab6-70fbe8f8a36a'}}
2022-11-03 22:36:41,153 - basicLogger - INFO - Retrieving ride at index 1
2022-11-03 22:36:52,019 - basicLogger - INFO - Retrieving ride at index 2
2022-11-03 22:37:01,149 - basicLogger - INFO - Retrieving ride at index 2
2022-11-03 22:38:00,898 - basicLogger - INFO - Retrieving ride at index 7
2022-11-03 22:38:08,006 - basicLogger - INFO - Retrieving ride at index 100
2022-11-03 22:38:09,079 - basicLogger - ERROR - No messages found
2022-11-03 22:38:09,080 - basicLogger - ERROR - Could not find expense at index 100
2022-11-06 18:18:44,741 - basicLogger - INFO - Retrieving ride at index 1
2022-11-06 18:18:50,681 - basicLogger - INFO - Retrieving ride at index 100
2022-11-06 18:18:51,743 - basicLogger - ERROR - No messages found
2022-11-06 18:18:51,743 - basicLogger - ERROR - Could not find expense at index 100
