2022-09-21 18:14:24,420 INFO o.a.j.u.JMeterUtils: Setting Locale to en_CA
2022-09-21 18:14:24,495 INFO o.a.j.JMeter: Loading user properties from: user.properties
2022-09-21 18:14:24,495 INFO o.a.j.JMeter: Loading system properties from: system.properties
2022-09-21 18:14:24,521 INFO o.a.j.JMeter: Copyright (c) 1998-2022 The Apache Software Foundation
2022-09-21 18:14:24,521 INFO o.a.j.JMeter: Version 5.5
2022-09-21 18:14:24,521 INFO o.a.j.JMeter: java.version=1.8.0_333
2022-09-21 18:14:24,521 INFO o.a.j.JMeter: java.vm.name=Java HotSpot(TM) 64-Bit Server VM
2022-09-21 18:14:24,522 INFO o.a.j.JMeter: os.name=Mac OS X
2022-09-21 18:14:24,522 INFO o.a.j.JMeter: os.arch=x86_64
2022-09-21 18:14:24,522 INFO o.a.j.JMeter: os.version=12.5
2022-09-21 18:14:24,522 INFO o.a.j.JMeter: file.encoding=UTF-8
2022-09-21 18:14:24,522 INFO o.a.j.JMeter: java.awt.headless=null
2022-09-21 18:14:24,522 INFO o.a.j.JMeter: Max memory     =3817865216
2022-09-21 18:14:24,522 INFO o.a.j.JMeter: Available Processors =8
2022-09-21 18:14:24,537 INFO o.a.j.JMeter: Default Locale=English (Canada)
2022-09-21 18:14:24,537 INFO o.a.j.JMeter: JMeter  Locale=English (Canada)
2022-09-21 18:14:24,537 INFO o.a.j.JMeter: JMeterHome=/Users/adelkuanysheva/Downloads/apache-jmeter-5.5
2022-09-21 18:14:24,537 INFO o.a.j.JMeter: user.dir  =/Users/adelkuanysheva/Downloads/apache-jmeter-5.5/bin
2022-09-21 18:14:24,537 INFO o.a.j.JMeter: PWD       =/Users/adelkuanysheva/Downloads/apache-jmeter-5.5/bin
2022-09-21 18:14:24,539 INFO o.a.j.JMeter: IP: 127.0.0.1 Name: Adels-MacBook-Pro.local FullName: localhost
2022-09-21 18:14:24,608 INFO o.a.j.JMeter: Loaded icon properties from org/apache/jmeter/images/icon.properties
2022-09-21 18:14:25,524 INFO o.a.j.JMeterGuiLauncher: Setting LAF to: com.github.weisj.darklaf.DarkLaf:com.github.weisj.darklaf.theme.DarculaTheme
